<?xml version="1.0" encoding="UTF-8"?>
<!-- Generated by org.testng.reporters.JUnitXMLReporter -->
<testsuite hostname="bhargav" ignored="0" name="Default test" tests="3" failures="0" timestamp="2020-03-30T10:18:47 IST" time="22.991" errors="0">
  <testcase name="loginToWordpress" time="7.215" classname="cts.miniproject.utility.DdWordpressLogin"/>
  <testcase name="loginToWordpress" time="6.805" classname="cts.miniproject.utility.DdWordpressLogin"/>
  <testcase name="loginToWordpress" time="6.647" classname="cts.miniproject.utility.DdWordpressLogin"/>
</testsuite> <!-- Default test -->
