<?xml version="1.0" encoding="UTF-8"?>
<!-- Generated by org.testng.reporters.JUnitXMLReporter -->
<testsuite hostname="bhargav" ignored="0" name="Test" tests="3" failures="0" timestamp="2020-03-30T10:19:38 IST" time="21.171" errors="0">
  <testcase name="loginToWordpress" time="7.025" classname="cts.miniproject.utility.DdWordpressLogin"/>
  <testcase name="loginToWordpress" time="6.176" classname="cts.miniproject.utility.DdWordpressLogin"/>
  <testcase name="loginToWordpress" time="5.685" classname="cts.miniproject.utility.DdWordpressLogin"/>
</testsuite> <!-- Test -->
