<?xml version="1.0" encoding="UTF-8"?>
<testng-results skipped="0" failed="0" ignored="0" total="3" passed="3">
  <reporter-output>
  </reporter-output>
  <suite name="Suite" duration-ms="21171" started-at="2020-03-30T10:19:17 IST" finished-at="2020-03-30T10:19:38 IST">
    <groups>
    </groups>
    <test name="Test" duration-ms="21171" started-at="2020-03-30T10:19:17 IST" finished-at="2020-03-30T10:19:38 IST">
      <class name="cts.miniproject.utility.DdWordpressLogin">
        <test-method status="PASS" signature="loginToWordpress(java.lang.String, java.lang.String)[pri:0, instance:cts.miniproject.utility.DdWordpressLogin@305fd85d]" name="loginToWordpress" duration-ms="7025" started-at="2020-03-30T10:19:17 IST" data-provider="wordpress" finished-at="2020-03-30T10:19:24 IST">
          <params>
            <param index="0">
              <value>
                <![CDATA[admin]]>
              </value>
            </param>
            <param index="1">
              <value>
                <![CDATA[demo123]]>
              </value>
            </param>
          </params>
          <reporter-output>
          </reporter-output>
        </test-method> <!-- loginToWordpress -->
        <test-method status="PASS" signature="tearDown()[pri:0, instance:cts.miniproject.utility.DdWordpressLogin@305fd85d]" name="tearDown" is-config="true" duration-ms="756" started-at="2020-03-30T10:19:24 IST" finished-at="2020-03-30T10:19:24 IST">
          <reporter-output>
          </reporter-output>
        </test-method> <!-- tearDown -->
        <test-method status="PASS" signature="loginToWordpress(java.lang.String, java.lang.String)[pri:0, instance:cts.miniproject.utility.DdWordpressLogin@305fd85d]" name="loginToWordpress" duration-ms="6176" started-at="2020-03-30T10:19:24 IST" data-provider="wordpress" finished-at="2020-03-30T10:19:31 IST">
          <params>
            <param index="0">
              <value>
                <![CDATA[admin]]>
              </value>
            </param>
            <param index="1">
              <value>
                <![CDATA[demo123]]>
              </value>
            </param>
          </params>
          <reporter-output>
          </reporter-output>
        </test-method> <!-- loginToWordpress -->
        <test-method status="PASS" signature="tearDown()[pri:0, instance:cts.miniproject.utility.DdWordpressLogin@305fd85d]" name="tearDown" is-config="true" duration-ms="724" started-at="2020-03-30T10:19:31 IST" finished-at="2020-03-30T10:19:31 IST">
          <reporter-output>
          </reporter-output>
        </test-method> <!-- tearDown -->
        <test-method status="PASS" signature="loginToWordpress(java.lang.String, java.lang.String)[pri:0, instance:cts.miniproject.utility.DdWordpressLogin@305fd85d]" name="loginToWordpress" duration-ms="5685" started-at="2020-03-30T10:19:31 IST" data-provider="wordpress" finished-at="2020-03-30T10:19:37 IST">
          <params>
            <param index="0">
              <value>
                <![CDATA[admin]]>
              </value>
            </param>
            <param index="1">
              <value>
                <![CDATA[demo123]]>
              </value>
            </param>
          </params>
          <reporter-output>
          </reporter-output>
        </test-method> <!-- loginToWordpress -->
        <test-method status="PASS" signature="tearDown()[pri:0, instance:cts.miniproject.utility.DdWordpressLogin@305fd85d]" name="tearDown" is-config="true" duration-ms="732" started-at="2020-03-30T10:19:37 IST" finished-at="2020-03-30T10:19:38 IST">
          <reporter-output>
          </reporter-output>
        </test-method> <!-- tearDown -->
      </class> <!-- cts.miniproject.utility.DdWordpressLogin -->
    </test> <!-- Test -->
  </suite> <!-- Suite -->
</testng-results>
